This file contains any messages produced by compilers while
running configure, to aid debugging if configure makes a mistake.

It was created by libccv configure 0.6, which was
generated by GNU Autoconf 2.69.  Invocation command line was

  $ ./configure 

## --------- ##
## Platform. ##
## --------- ##

hostname = guido-pusiols-MacBook-Pro.local
uname -m = x86_64
uname -r = 13.0.0
uname -s = Darwin
uname -v = Darwin Kernel Version 13.0.0: Thu Sep 19 22:22:27 PDT 2013; root:xnu-2422.1.72~6/RELEASE_X86_64

/usr/bin/uname -p = i386
/bin/uname -X     = unknown

/bin/arch              = unknown
/usr/bin/arch -k       = unknown
/usr/convex/getsysinfo = unknown
/usr/bin/hostinfo      = Mach kernel version:
	 Darwin Kernel Version 13.0.0: Thu Sep 19 22:22:27 PDT 2013; root:xnu-2422.1.72~6/RELEASE_X86_64
Kernel configured for up to 8 processors.
4 processors are physically available.
8 processors are logically available.
Processor type: i486 (Intel 80486)
Processors active: 0 1 2 3 4 5 6 7
Primary memory available: 16.00 gigabytes
Default processor set: 197 tasks, 934 threads, 8 processors
Load average: 1.48, Mach factor: 6.51
/bin/machine           = unknown
/usr/bin/oslevel       = unknown
/bin/universe          = unknown

PATH: /Users/Gui/anaconda/bin
PATH: /opt/local/bin
PATH: /opt/local/sbin
PATH: /opt/local/bin
PATH: /opt/local/sbin
PATH: /opt/local/bin
PATH: /opt/local/sbin
PATH: /opt/local/bin
PATH: /opt/local/sbin
PATH: /opt/local/bin
PATH: /opt/local/sbin
PATH: /usr/bin
PATH: /bin
PATH: /usr/sbin
PATH: /sbin
PATH: /usr/local/bin
PATH: /opt/X11/bin


## ----------- ##
## Core tests. ##
## ----------- ##

configure:2036: checking for clang
configure:2052: found /usr/bin/clang
configure:2063: result: clang
configure:2075: checking for nvcc
configure:2105: result: no
configure:2416: checking for C compiler version
configure:2425: clang --version >&5
Apple LLVM version 5.0 (clang-500.2.79) (based on LLVM 3.3svn)
Target: x86_64-apple-darwin13.0.0
Thread model: posix
configure:2436: $? = 0
configure:2425: clang -v >&5
Apple LLVM version 5.0 (clang-500.2.79) (based on LLVM 3.3svn)
Target: x86_64-apple-darwin13.0.0
Thread model: posix
configure:2436: $? = 0
configure:2425: clang -V >&5
clang: error: argument to '-V' is missing (expected 1 value)
clang: error: no input files
configure:2436: $? = 1
configure:2425: clang -qversion >&5
clang: error: no input files
configure:2436: $? = 1
configure:2456: checking whether the C compiler works
configure:2478: clang    conftest.c  >&5
configure:2482: $? = 0
configure:2530: result: yes
configure:2533: checking for C compiler default output file name
configure:2535: result: a.out
configure:2541: checking for suffix of executables
configure:2548: clang -o conftest    conftest.c  >&5
configure:2552: $? = 0
configure:2574: result: 
configure:2596: checking whether we are cross compiling
configure:2604: clang -o conftest    conftest.c  >&5
configure:2608: $? = 0
configure:2615: ./conftest
configure:2619: $? = 0
configure:2634: result: no
configure:2639: checking for suffix of object files
configure:2661: clang -c   conftest.c >&5
configure:2665: $? = 0
configure:2686: result: o
configure:2690: checking whether we are using the GNU C compiler
configure:2709: clang -c   conftest.c >&5
configure:2709: $? = 0
configure:2718: result: yes
configure:2727: checking whether clang accepts -g
configure:2747: clang -c -g  conftest.c >&5
configure:2747: $? = 0
configure:2788: result: yes
configure:2805: checking for clang option to accept ISO C89
configure:2868: clang  -c -g -O2  conftest.c >&5
configure:2868: $? = 0
configure:2881: result: none needed
configure:2907: checking how to run the C preprocessor
configure:2938: clang -E  conftest.c
configure:2938: $? = 0
configure:2952: clang -E  conftest.c
conftest.c:9:10: fatal error: 'ac_nonexistent.h' file not found
#include <ac_nonexistent.h>
         ^
1 error generated.
configure:2952: $? = 1
configure: failed program was:
| /* confdefs.h */
| #define PACKAGE_NAME "libccv"
| #define PACKAGE_TARNAME "libccv"
| #define PACKAGE_VERSION "0.6"
| #define PACKAGE_STRING "libccv 0.6"
| #define PACKAGE_BUGREPORT ""
| #define PACKAGE_URL ""
| /* end confdefs.h.  */
| #include <ac_nonexistent.h>
configure:2977: result: clang -E
configure:2997: clang -E  conftest.c
configure:2997: $? = 0
configure:3011: clang -E  conftest.c
conftest.c:9:10: fatal error: 'ac_nonexistent.h' file not found
#include <ac_nonexistent.h>
         ^
1 error generated.
configure:3011: $? = 1
configure: failed program was:
| /* confdefs.h */
| #define PACKAGE_NAME "libccv"
| #define PACKAGE_TARNAME "libccv"
| #define PACKAGE_VERSION "0.6"
| #define PACKAGE_STRING "libccv 0.6"
| #define PACKAGE_BUGREPORT ""
| #define PACKAGE_URL ""
| /* end confdefs.h.  */
| #include <ac_nonexistent.h>
configure:3040: checking for grep that handles long lines and -e
configure:3098: result: /usr/bin/grep
configure:3103: checking for egrep
configure:3165: result: /usr/bin/grep -E
configure:3170: checking for ANSI C header files
configure:3190: clang -c -g -O2  conftest.c >&5
configure:3190: $? = 0
configure:3263: clang -o conftest -g -O2   conftest.c  >&5
configure:3263: $? = 0
configure:3263: ./conftest
configure:3263: $? = 0
configure:3274: result: yes
configure:3287: checking for sys/types.h
configure:3287: clang -c -g -O2  conftest.c >&5
configure:3287: $? = 0
configure:3287: result: yes
configure:3287: checking for sys/stat.h
configure:3287: clang -c -g -O2  conftest.c >&5
configure:3287: $? = 0
configure:3287: result: yes
configure:3287: checking for stdlib.h
configure:3287: clang -c -g -O2  conftest.c >&5
configure:3287: $? = 0
configure:3287: result: yes
configure:3287: checking for string.h
configure:3287: clang -c -g -O2  conftest.c >&5
configure:3287: $? = 0
configure:3287: result: yes
configure:3287: checking for memory.h
configure:3287: clang -c -g -O2  conftest.c >&5
configure:3287: $? = 0
configure:3287: result: yes
configure:3287: checking for strings.h
configure:3287: clang -c -g -O2  conftest.c >&5
configure:3287: $? = 0
configure:3287: result: yes
configure:3287: checking for inttypes.h
configure:3287: clang -c -g -O2  conftest.c >&5
configure:3287: $? = 0
configure:3287: result: yes
configure:3287: checking for stdint.h
configure:3287: clang -c -g -O2  conftest.c >&5
configure:3287: $? = 0
configure:3287: result: yes
configure:3287: checking for unistd.h
configure:3287: clang -c -g -O2  conftest.c >&5
configure:3287: $? = 0
configure:3287: result: yes
configure:3299: checking xmmintrin.h usability
configure:3299: clang -c -g -O2  conftest.c >&5
configure:3299: $? = 0
configure:3299: result: yes
configure:3299: checking xmmintrin.h presence
configure:3299: clang -E  conftest.c
configure:3299: $? = 0
configure:3299: result: yes
configure:3299: checking for xmmintrin.h
configure:3299: result: yes
configure:3307: checking png.h usability
configure:3307: clang -c -g -O2  conftest.c >&5
configure:3307: $? = 0
configure:3307: result: yes
configure:3307: checking png.h presence
configure:3307: clang -E  conftest.c
configure:3307: $? = 0
configure:3307: result: yes
configure:3307: checking for png.h
configure:3307: result: yes
configure:3315: checking jpeglib.h usability
configure:3315: clang -c -g -O2  conftest.c >&5
configure:3315: $? = 0
configure:3315: result: yes
configure:3315: checking jpeglib.h presence
configure:3315: clang -E  conftest.c
configure:3315: $? = 0
configure:3315: result: yes
configure:3315: checking for jpeglib.h
configure:3315: result: yes
configure:3323: checking fftw3.h usability
configure:3323: clang -c -g -O2  conftest.c >&5
configure:3323: $? = 0
configure:3323: result: yes
configure:3323: checking fftw3.h presence
configure:3323: clang -E  conftest.c
configure:3323: $? = 0
configure:3323: result: yes
configure:3323: checking for fftw3.h
configure:3323: result: yes
configure:3331: checking linear.h usability
configure:3331: clang -c -g -O2  conftest.c >&5
configure:3331: $? = 0
configure:3331: result: yes
configure:3331: checking linear.h presence
configure:3331: clang -E  conftest.c
configure:3331: $? = 0
configure:3331: result: yes
configure:3331: checking for linear.h
configure:3331: result: yes
configure:3339: checking cblas.h usability
configure:3339: clang -c -g -O2  conftest.c >&5
conftest.c:52:10: fatal error: 'cblas.h' file not found
#include <cblas.h>
         ^
1 error generated.
configure:3339: $? = 1
configure: failed program was:
| /* confdefs.h */
| #define PACKAGE_NAME "libccv"
| #define PACKAGE_TARNAME "libccv"
| #define PACKAGE_VERSION "0.6"
| #define PACKAGE_STRING "libccv 0.6"
| #define PACKAGE_BUGREPORT ""
| #define PACKAGE_URL ""
| #define STDC_HEADERS 1
| #define HAVE_SYS_TYPES_H 1
| #define HAVE_SYS_STAT_H 1
| #define HAVE_STDLIB_H 1
| #define HAVE_STRING_H 1
| #define HAVE_MEMORY_H 1
| #define HAVE_STRINGS_H 1
| #define HAVE_INTTYPES_H 1
| #define HAVE_STDINT_H 1
| #define HAVE_UNISTD_H 1
| /* end confdefs.h.  */
| #include <stdio.h>
| #ifdef HAVE_SYS_TYPES_H
| # include <sys/types.h>
| #endif
| #ifdef HAVE_SYS_STAT_H
| # include <sys/stat.h>
| #endif
| #ifdef STDC_HEADERS
| # include <stdlib.h>
| # include <stddef.h>
| #else
| # ifdef HAVE_STDLIB_H
| #  include <stdlib.h>
| # endif
| #endif
| #ifdef HAVE_STRING_H
| # if !defined STDC_HEADERS && defined HAVE_MEMORY_H
| #  include <memory.h>
| # endif
| # include <string.h>
| #endif
| #ifdef HAVE_STRINGS_H
| # include <strings.h>
| #endif
| #ifdef HAVE_INTTYPES_H
| # include <inttypes.h>
| #endif
| #ifdef HAVE_STDINT_H
| # include <stdint.h>
| #endif
| #ifdef HAVE_UNISTD_H
| # include <unistd.h>
| #endif
| #include <cblas.h>
configure:3339: result: no
configure:3339: checking cblas.h presence
configure:3339: clang -E  conftest.c
conftest.c:19:10: fatal error: 'cblas.h' file not found
#include <cblas.h>
         ^
1 error generated.
configure:3339: $? = 1
configure: failed program was:
| /* confdefs.h */
| #define PACKAGE_NAME "libccv"
| #define PACKAGE_TARNAME "libccv"
| #define PACKAGE_VERSION "0.6"
| #define PACKAGE_STRING "libccv 0.6"
| #define PACKAGE_BUGREPORT ""
| #define PACKAGE_URL ""
| #define STDC_HEADERS 1
| #define HAVE_SYS_TYPES_H 1
| #define HAVE_SYS_STAT_H 1
| #define HAVE_STDLIB_H 1
| #define HAVE_STRING_H 1
| #define HAVE_MEMORY_H 1
| #define HAVE_STRINGS_H 1
| #define HAVE_INTTYPES_H 1
| #define HAVE_STDINT_H 1
| #define HAVE_UNISTD_H 1
| /* end confdefs.h.  */
| #include <cblas.h>
configure:3339: result: no
configure:3339: checking for cblas.h
configure:3339: result: no
configure:3347: checking tesseract/capi.h usability
configure:3347: clang -c -g -O2  conftest.c >&5
conftest.c:52:10: fatal error: 'tesseract/capi.h' file not found
#include <tesseract/capi.h>
         ^
1 error generated.
configure:3347: $? = 1
configure: failed program was:
| /* confdefs.h */
| #define PACKAGE_NAME "libccv"
| #define PACKAGE_TARNAME "libccv"
| #define PACKAGE_VERSION "0.6"
| #define PACKAGE_STRING "libccv 0.6"
| #define PACKAGE_BUGREPORT ""
| #define PACKAGE_URL ""
| #define STDC_HEADERS 1
| #define HAVE_SYS_TYPES_H 1
| #define HAVE_SYS_STAT_H 1
| #define HAVE_STDLIB_H 1
| #define HAVE_STRING_H 1
| #define HAVE_MEMORY_H 1
| #define HAVE_STRINGS_H 1
| #define HAVE_INTTYPES_H 1
| #define HAVE_STDINT_H 1
| #define HAVE_UNISTD_H 1
| /* end confdefs.h.  */
| #include <stdio.h>
| #ifdef HAVE_SYS_TYPES_H
| # include <sys/types.h>
| #endif
| #ifdef HAVE_SYS_STAT_H
| # include <sys/stat.h>
| #endif
| #ifdef STDC_HEADERS
| # include <stdlib.h>
| # include <stddef.h>
| #else
| # ifdef HAVE_STDLIB_H
| #  include <stdlib.h>
| # endif
| #endif
| #ifdef HAVE_STRING_H
| # if !defined STDC_HEADERS && defined HAVE_MEMORY_H
| #  include <memory.h>
| # endif
| # include <string.h>
| #endif
| #ifdef HAVE_STRINGS_H
| # include <strings.h>
| #endif
| #ifdef HAVE_INTTYPES_H
| # include <inttypes.h>
| #endif
| #ifdef HAVE_STDINT_H
| # include <stdint.h>
| #endif
| #ifdef HAVE_UNISTD_H
| # include <unistd.h>
| #endif
| #include <tesseract/capi.h>
configure:3347: result: no
configure:3347: checking tesseract/capi.h presence
configure:3347: clang -E  conftest.c
conftest.c:19:10: fatal error: 'tesseract/capi.h' file not found
#include <tesseract/capi.h>
         ^
1 error generated.
configure:3347: $? = 1
configure: failed program was:
| /* confdefs.h */
| #define PACKAGE_NAME "libccv"
| #define PACKAGE_TARNAME "libccv"
| #define PACKAGE_VERSION "0.6"
| #define PACKAGE_STRING "libccv 0.6"
| #define PACKAGE_BUGREPORT ""
| #define PACKAGE_URL ""
| #define STDC_HEADERS 1
| #define HAVE_SYS_TYPES_H 1
| #define HAVE_SYS_STAT_H 1
| #define HAVE_STDLIB_H 1
| #define HAVE_STRING_H 1
| #define HAVE_MEMORY_H 1
| #define HAVE_STRINGS_H 1
| #define HAVE_INTTYPES_H 1
| #define HAVE_STDINT_H 1
| #define HAVE_UNISTD_H 1
| /* end confdefs.h.  */
| #include <tesseract/capi.h>
configure:3347: result: no
configure:3347: checking for tesseract/capi.h
configure:3347: result: no
configure:3355: checking Accelerate/Accelerate.h usability
configure:3355: clang -c -g -O2  conftest.c >&5
configure:3355: $? = 0
configure:3355: result: yes
configure:3355: checking Accelerate/Accelerate.h presence
configure:3355: clang -E  conftest.c
configure:3355: $? = 0
configure:3355: result: yes
configure:3355: checking for Accelerate/Accelerate.h
configure:3355: result: yes
configure:3363: checking libavcodec/avcodec.h usability
configure:3363: clang -c -g -O2  conftest.c >&5
conftest.c:52:10: fatal error: 'libavcodec/avcodec.h' file not found
#include <libavcodec/avcodec.h>
         ^
1 error generated.
configure:3363: $? = 1
configure: failed program was:
| /* confdefs.h */
| #define PACKAGE_NAME "libccv"
| #define PACKAGE_TARNAME "libccv"
| #define PACKAGE_VERSION "0.6"
| #define PACKAGE_STRING "libccv 0.6"
| #define PACKAGE_BUGREPORT ""
| #define PACKAGE_URL ""
| #define STDC_HEADERS 1
| #define HAVE_SYS_TYPES_H 1
| #define HAVE_SYS_STAT_H 1
| #define HAVE_STDLIB_H 1
| #define HAVE_STRING_H 1
| #define HAVE_MEMORY_H 1
| #define HAVE_STRINGS_H 1
| #define HAVE_INTTYPES_H 1
| #define HAVE_STDINT_H 1
| #define HAVE_UNISTD_H 1
| /* end confdefs.h.  */
| #include <stdio.h>
| #ifdef HAVE_SYS_TYPES_H
| # include <sys/types.h>
| #endif
| #ifdef HAVE_SYS_STAT_H
| # include <sys/stat.h>
| #endif
| #ifdef STDC_HEADERS
| # include <stdlib.h>
| # include <stddef.h>
| #else
| # ifdef HAVE_STDLIB_H
| #  include <stdlib.h>
| # endif
| #endif
| #ifdef HAVE_STRING_H
| # if !defined STDC_HEADERS && defined HAVE_MEMORY_H
| #  include <memory.h>
| # endif
| # include <string.h>
| #endif
| #ifdef HAVE_STRINGS_H
| # include <strings.h>
| #endif
| #ifdef HAVE_INTTYPES_H
| # include <inttypes.h>
| #endif
| #ifdef HAVE_STDINT_H
| # include <stdint.h>
| #endif
| #ifdef HAVE_UNISTD_H
| # include <unistd.h>
| #endif
| #include <libavcodec/avcodec.h>
configure:3363: result: no
configure:3363: checking libavcodec/avcodec.h presence
configure:3363: clang -E  conftest.c
conftest.c:19:10: fatal error: 'libavcodec/avcodec.h' file not found
#include <libavcodec/avcodec.h>
         ^
1 error generated.
configure:3363: $? = 1
configure: failed program was:
| /* confdefs.h */
| #define PACKAGE_NAME "libccv"
| #define PACKAGE_TARNAME "libccv"
| #define PACKAGE_VERSION "0.6"
| #define PACKAGE_STRING "libccv 0.6"
| #define PACKAGE_BUGREPORT ""
| #define PACKAGE_URL ""
| #define STDC_HEADERS 1
| #define HAVE_SYS_TYPES_H 1
| #define HAVE_SYS_STAT_H 1
| #define HAVE_STDLIB_H 1
| #define HAVE_STRING_H 1
| #define HAVE_MEMORY_H 1
| #define HAVE_STRINGS_H 1
| #define HAVE_INTTYPES_H 1
| #define HAVE_STDINT_H 1
| #define HAVE_UNISTD_H 1
| /* end confdefs.h.  */
| #include <libavcodec/avcodec.h>
configure:3363: result: no
configure:3363: checking for libavcodec/avcodec.h
configure:3363: result: no
configure:3371: checking libavformat/avformat.h usability
configure:3371: clang -c -g -O2  conftest.c >&5
conftest.c:52:10: fatal error: 'libavformat/avformat.h' file not found
#include <libavformat/avformat.h>
         ^
1 error generated.
configure:3371: $? = 1
configure: failed program was:
| /* confdefs.h */
| #define PACKAGE_NAME "libccv"
| #define PACKAGE_TARNAME "libccv"
| #define PACKAGE_VERSION "0.6"
| #define PACKAGE_STRING "libccv 0.6"
| #define PACKAGE_BUGREPORT ""
| #define PACKAGE_URL ""
| #define STDC_HEADERS 1
| #define HAVE_SYS_TYPES_H 1
| #define HAVE_SYS_STAT_H 1
| #define HAVE_STDLIB_H 1
| #define HAVE_STRING_H 1
| #define HAVE_MEMORY_H 1
| #define HAVE_STRINGS_H 1
| #define HAVE_INTTYPES_H 1
| #define HAVE_STDINT_H 1
| #define HAVE_UNISTD_H 1
| /* end confdefs.h.  */
| #include <stdio.h>
| #ifdef HAVE_SYS_TYPES_H
| # include <sys/types.h>
| #endif
| #ifdef HAVE_SYS_STAT_H
| # include <sys/stat.h>
| #endif
| #ifdef STDC_HEADERS
| # include <stdlib.h>
| # include <stddef.h>
| #else
| # ifdef HAVE_STDLIB_H
| #  include <stdlib.h>
| # endif
| #endif
| #ifdef HAVE_STRING_H
| # if !defined STDC_HEADERS && defined HAVE_MEMORY_H
| #  include <memory.h>
| # endif
| # include <string.h>
| #endif
| #ifdef HAVE_STRINGS_H
| # include <strings.h>
| #endif
| #ifdef HAVE_INTTYPES_H
| # include <inttypes.h>
| #endif
| #ifdef HAVE_STDINT_H
| # include <stdint.h>
| #endif
| #ifdef HAVE_UNISTD_H
| # include <unistd.h>
| #endif
| #include <libavformat/avformat.h>
configure:3371: result: no
configure:3371: checking libavformat/avformat.h presence
configure:3371: clang -E  conftest.c
conftest.c:19:10: fatal error: 'libavformat/avformat.h' file not found
#include <libavformat/avformat.h>
         ^
1 error generated.
configure:3371: $? = 1
configure: failed program was:
| /* confdefs.h */
| #define PACKAGE_NAME "libccv"
| #define PACKAGE_TARNAME "libccv"
| #define PACKAGE_VERSION "0.6"
| #define PACKAGE_STRING "libccv 0.6"
| #define PACKAGE_BUGREPORT ""
| #define PACKAGE_URL ""
| #define STDC_HEADERS 1
| #define HAVE_SYS_TYPES_H 1
| #define HAVE_SYS_STAT_H 1
| #define HAVE_STDLIB_H 1
| #define HAVE_STRING_H 1
| #define HAVE_MEMORY_H 1
| #define HAVE_STRINGS_H 1
| #define HAVE_INTTYPES_H 1
| #define HAVE_STDINT_H 1
| #define HAVE_UNISTD_H 1
| /* end confdefs.h.  */
| #include <libavformat/avformat.h>
configure:3371: result: no
configure:3371: checking for libavformat/avformat.h
configure:3371: result: no
configure:3379: checking libswscale/swscale.h usability
configure:3379: clang -c -g -O2  conftest.c >&5
conftest.c:52:10: fatal error: 'libswscale/swscale.h' file not found
#include <libswscale/swscale.h>
         ^
1 error generated.
configure:3379: $? = 1
configure: failed program was:
| /* confdefs.h */
| #define PACKAGE_NAME "libccv"
| #define PACKAGE_TARNAME "libccv"
| #define PACKAGE_VERSION "0.6"
| #define PACKAGE_STRING "libccv 0.6"
| #define PACKAGE_BUGREPORT ""
| #define PACKAGE_URL ""
| #define STDC_HEADERS 1
| #define HAVE_SYS_TYPES_H 1
| #define HAVE_SYS_STAT_H 1
| #define HAVE_STDLIB_H 1
| #define HAVE_STRING_H 1
| #define HAVE_MEMORY_H 1
| #define HAVE_STRINGS_H 1
| #define HAVE_INTTYPES_H 1
| #define HAVE_STDINT_H 1
| #define HAVE_UNISTD_H 1
| /* end confdefs.h.  */
| #include <stdio.h>
| #ifdef HAVE_SYS_TYPES_H
| # include <sys/types.h>
| #endif
| #ifdef HAVE_SYS_STAT_H
| # include <sys/stat.h>
| #endif
| #ifdef STDC_HEADERS
| # include <stdlib.h>
| # include <stddef.h>
| #else
| # ifdef HAVE_STDLIB_H
| #  include <stdlib.h>
| # endif
| #endif
| #ifdef HAVE_STRING_H
| # if !defined STDC_HEADERS && defined HAVE_MEMORY_H
| #  include <memory.h>
| # endif
| # include <string.h>
| #endif
| #ifdef HAVE_STRINGS_H
| # include <strings.h>
| #endif
| #ifdef HAVE_INTTYPES_H
| # include <inttypes.h>
| #endif
| #ifdef HAVE_STDINT_H
| # include <stdint.h>
| #endif
| #ifdef HAVE_UNISTD_H
| # include <unistd.h>
| #endif
| #include <libswscale/swscale.h>
configure:3379: result: no
configure:3379: checking libswscale/swscale.h presence
configure:3379: clang -E  conftest.c
conftest.c:19:10: fatal error: 'libswscale/swscale.h' file not found
#include <libswscale/swscale.h>
         ^
1 error generated.
configure:3379: $? = 1
configure: failed program was:
| /* confdefs.h */
| #define PACKAGE_NAME "libccv"
| #define PACKAGE_TARNAME "libccv"
| #define PACKAGE_VERSION "0.6"
| #define PACKAGE_STRING "libccv 0.6"
| #define PACKAGE_BUGREPORT ""
| #define PACKAGE_URL ""
| #define STDC_HEADERS 1
| #define HAVE_SYS_TYPES_H 1
| #define HAVE_SYS_STAT_H 1
| #define HAVE_STDLIB_H 1
| #define HAVE_STRING_H 1
| #define HAVE_MEMORY_H 1
| #define HAVE_STRINGS_H 1
| #define HAVE_INTTYPES_H 1
| #define HAVE_STDINT_H 1
| #define HAVE_UNISTD_H 1
| /* end confdefs.h.  */
| #include <libswscale/swscale.h>
configure:3379: result: no
configure:3379: checking for libswscale/swscale.h
configure:3379: result: no
configure:3389: checking dispatch/dispatch.h usability
configure:3389: clang -c -g -O2  conftest.c >&5
configure:3389: $? = 0
configure:3389: result: yes
configure:3389: checking dispatch/dispatch.h presence
configure:3389: clang -E  conftest.c
configure:3389: $? = 0
configure:3389: result: yes
configure:3389: checking for dispatch/dispatch.h
configure:3389: result: yes
configure:3397: checking for dispatch_apply in -ldispatch
configure:3422: clang -o conftest -g -O2   conftest.c -ldispatch   >&5
ld: library not found for -ldispatch
clang: error: linker command failed with exit code 1 (use -v to see invocation)
configure:3422: $? = 1
configure: failed program was:
| /* confdefs.h */
| #define PACKAGE_NAME "libccv"
| #define PACKAGE_TARNAME "libccv"
| #define PACKAGE_VERSION "0.6"
| #define PACKAGE_STRING "libccv 0.6"
| #define PACKAGE_BUGREPORT ""
| #define PACKAGE_URL ""
| #define STDC_HEADERS 1
| #define HAVE_SYS_TYPES_H 1
| #define HAVE_SYS_STAT_H 1
| #define HAVE_STDLIB_H 1
| #define HAVE_STRING_H 1
| #define HAVE_MEMORY_H 1
| #define HAVE_STRINGS_H 1
| #define HAVE_INTTYPES_H 1
| #define HAVE_STDINT_H 1
| #define HAVE_UNISTD_H 1
| /* end confdefs.h.  */
| 
| /* Override any GCC internal prototype to avoid an error.
|    Use char because int might match the return type of a GCC
|    builtin and then its argument prototype would still apply.  */
| #ifdef __cplusplus
| extern "C"
| #endif
| char dispatch_apply ();
| int
| main ()
| {
| return dispatch_apply ();
|   ;
|   return 0;
| }
configure:3431: result: no
configure:3441: checking for cos in -lm
configure:3466: clang -o conftest -g -O2   conftest.c -lm   >&5
conftest.c:26:6: warning: incompatible redeclaration of library function 'cos' [-Wincompatible-library-redeclaration]
char cos ();
     ^
conftest.c:26:6: note: 'cos' is a builtin with type 'double (double)'
1 warning generated.
configure:3466: $? = 0
configure:3475: result: yes
configure:3486: checking for cblas_dgemm in -lgslcblas
configure:3511: clang -o conftest -g -O2   conftest.c -lgslcblas  -lm  >&5
configure:3511: $? = 0
configure:3520: result: yes
configure:3531: checking for gsl_blas_dgemm in -lgsl
configure:3556: clang -o conftest -g -O2   conftest.c -lgsl  -lgslcblas -lm  >&5
configure:3556: $? = 0
configure:3565: result: yes
configure:3575: checking cuda
configure:3598: result: yes, i386
configure:3787: creating ./config.status

## ---------------------- ##
## Running config.status. ##
## ---------------------- ##

This file was extended by libccv config.status 0.6, which was
generated by GNU Autoconf 2.69.  Invocation command line was

  CONFIG_FILES    = 
  CONFIG_HEADERS  = 
  CONFIG_LINKS    = 
  CONFIG_COMMANDS = 
  $ ./config.status 

on guido-pusiols-MacBook-Pro.local

config.status:730: creating config.mk

## ---------------- ##
## Cache variables. ##
## ---------------- ##

ac_cv_c_compiler_gnu=yes
ac_cv_env_CC_set=
ac_cv_env_CC_value=
ac_cv_env_CFLAGS_set=
ac_cv_env_CFLAGS_value=
ac_cv_env_CPPFLAGS_set=
ac_cv_env_CPPFLAGS_value=
ac_cv_env_CPP_set=
ac_cv_env_CPP_value=
ac_cv_env_LDFLAGS_set=
ac_cv_env_LDFLAGS_value=
ac_cv_env_LIBS_set=
ac_cv_env_LIBS_value=
ac_cv_env_build_alias_set=
ac_cv_env_build_alias_value=
ac_cv_env_host_alias_set=
ac_cv_env_host_alias_value=
ac_cv_env_target_alias_set=
ac_cv_env_target_alias_value=
ac_cv_header_Accelerate_Accelerate_h=yes
ac_cv_header_cblas_h=no
ac_cv_header_dispatch_dispatch_h=yes
ac_cv_header_fftw3_h=yes
ac_cv_header_inttypes_h=yes
ac_cv_header_jpeglib_h=yes
ac_cv_header_libavcodec_avcodec_h=no
ac_cv_header_libavformat_avformat_h=no
ac_cv_header_libswscale_swscale_h=no
ac_cv_header_linear_h=yes
ac_cv_header_memory_h=yes
ac_cv_header_png_h=yes
ac_cv_header_stdc=yes
ac_cv_header_stdint_h=yes
ac_cv_header_stdlib_h=yes
ac_cv_header_string_h=yes
ac_cv_header_strings_h=yes
ac_cv_header_sys_stat_h=yes
ac_cv_header_sys_types_h=yes
ac_cv_header_tesseract_capi_h=no
ac_cv_header_unistd_h=yes
ac_cv_header_xmmintrin_h=yes
ac_cv_lib_dispatch_dispatch_apply=no
ac_cv_lib_gsl_gsl_blas_dgemm=yes
ac_cv_lib_gslcblas_cblas_dgemm=yes
ac_cv_lib_m_cos=yes
ac_cv_objext=o
ac_cv_path_EGREP='/usr/bin/grep -E'
ac_cv_path_GREP=/usr/bin/grep
ac_cv_prog_CC=clang
ac_cv_prog_CPP='clang -E'
ac_cv_prog_cc_c89=
ac_cv_prog_cc_g=yes

## ----------------- ##
## Output variables. ##
## ----------------- ##

CC='clang'
CFLAGS='-g -O2'
CPP='clang -E'
CPPFLAGS=''
CUDA_OBJS='cuda/cwc_convnet.o'
DEFINE_MACROS='-D HAVE_SSE2 -D HAVE_LIBPNG -D HAVE_LIBJPEG -D HAVE_FFTW3 -D HAVE_LIBLINEAR -D HAVE_ACCELERATE_FRAMEWORK -D USE_DISPATCH -D HAVE_GSL -D HAVE_CUDA'
DEFS='-DPACKAGE_NAME=\"libccv\" -DPACKAGE_TARNAME=\"libccv\" -DPACKAGE_VERSION=\"0.6\" -DPACKAGE_STRING=\"libccv\ 0.6\" -DPACKAGE_BUGREPORT=\"\" -DPACKAGE_URL=\"\" -DSTDC_HEADERS=1 -DHAVE_SYS_TYPES_H=1 -DHAVE_SYS_STAT_H=1 -DHAVE_STDLIB_H=1 -DHAVE_STRING_H=1 -DHAVE_MEMORY_H=1 -DHAVE_STRINGS_H=1 -DHAVE_INTTYPES_H=1 -DHAVE_STDINT_H=1 -DHAVE_UNISTD_H=1 -DHAVE_LIBM=1 -DHAVE_LIBGSLCBLAS=1'
DISCFLAGS='-msse2 -fblocks -D HAVE_SSE2 -D HAVE_LIBPNG -D HAVE_LIBJPEG -D HAVE_FFTW3 -D HAVE_LIBLINEAR -D HAVE_ACCELERATE_FRAMEWORK -D USE_DISPATCH -D HAVE_GSL -D HAVE_CUDA'
ECHO_C='\c'
ECHO_N=''
ECHO_T=''
EGREP='/usr/bin/grep -E'
EXEEXT=''
GREP='/usr/bin/grep'
LDFLAGS=''
LIBOBJS=''
LIBS='-lgslcblas -lm '
LTLIBOBJS=''
MKCFLAGS='-msse2 -fblocks $(DEFINE_MACROS)'
MKLDFLAGS='-lm -lpng -ljpeg -lfftw3 -lfftw3f -lpthread -llinear -framework Accelerate -lgsl -lcuda -lcudart -lcublas -l"/usr/local/cuda/lib"'
NVCC=''
OBJEXT='o'
PACKAGE_BUGREPORT=''
PACKAGE_NAME='libccv'
PACKAGE_STRING='libccv 0.6'
PACKAGE_TARNAME='libccv'
PACKAGE_URL=''
PACKAGE_VERSION='0.6'
PATH_SEPARATOR=':'
SHELL='/bin/sh'
ac_ct_CC=''
bindir='${exec_prefix}/bin'
build_alias=''
datadir='${datarootdir}'
datarootdir='${prefix}/share'
docdir='${datarootdir}/doc/${PACKAGE_TARNAME}'
dvidir='${docdir}'
exec_prefix='${prefix}'
host_alias=''
htmldir='${docdir}'
includedir='${prefix}/include'
infodir='${datarootdir}/info'
libdir='${exec_prefix}/lib'
libexecdir='${exec_prefix}/libexec'
localedir='${datarootdir}/locale'
localstatedir='${prefix}/var'
mandir='${datarootdir}/man'
oldincludedir='/usr/include'
pdfdir='${docdir}'
prefix='/usr/local'
program_transform_name='s,x,x,'
psdir='${docdir}'
sbindir='${exec_prefix}/sbin'
sharedstatedir='${prefix}/com'
sysconfdir='${prefix}/etc'
target_alias=''

## ----------- ##
## confdefs.h. ##
## ----------- ##

/* confdefs.h */
#define PACKAGE_NAME "libccv"
#define PACKAGE_TARNAME "libccv"
#define PACKAGE_VERSION "0.6"
#define PACKAGE_STRING "libccv 0.6"
#define PACKAGE_BUGREPORT ""
#define PACKAGE_URL ""
#define STDC_HEADERS 1
#define HAVE_SYS_TYPES_H 1
#define HAVE_SYS_STAT_H 1
#define HAVE_STDLIB_H 1
#define HAVE_STRING_H 1
#define HAVE_MEMORY_H 1
#define HAVE_STRINGS_H 1
#define HAVE_INTTYPES_H 1
#define HAVE_STDINT_H 1
#define HAVE_UNISTD_H 1
#define HAVE_LIBM 1
#define HAVE_LIBGSLCBLAS 1

configure: exit 0
